<?xml version="1.0" encoding="UTF-8"?>
<testsuite xmlns:xsi="http://www.w3.org/2001/XMLSchema-instance" xsi:noNamespaceSchemaLocation="https://maven.apache.org/surefire/maven-surefire-plugin/xsd/surefire-test-report.xsd" name="br.ce.wcaquino.servicos.CalculoValorLocacaoTest" time="0.314" tests="6" errors="0" skipped="0" failures="0">
  <properties>
[...]
</properties>
  <testcase name="deveCalcularValorLocacaoConsiderandoDescontos[3 filmes: 25%]" classname="br.ce.wcaquino.servicos.CalculoValorLocacaoTest" time="0.314"/>
  <testcase name="deveCalcularValorLocacaoConsiderandoDescontos[7 Filmes: Sem Desconto]" classname="br.ce.wcaquino.servicos.CalculoValorLocacaoTest" time="0.282"/>
  <testcase name="deveCalcularValorLocacaoConsiderandoDescontos[6 filmes: 100%]" classname="br.ce.wcaquino.servicos.CalculoValorLocacaoTest" time="0.282"/>
  <testcase name="deveCalcularValorLocacaoConsiderandoDescontos[5 filmes: 75%]" classname="br.ce.wcaquino.servicos.CalculoValorLocacaoTest" time="0.282"/>
  <testcase name="deveCalcularValorLocacaoConsiderandoDescontos[4 filmes: 50%]" classname="br.ce.wcaquino.servicos.CalculoValorLocacaoTest" time="0.267"/>
  <testcase name="deveCalcularValorLocacaoConsiderandoDescontos[2 Filmes: Sem Desconto]" classname="br.ce.wcaquino.servicos.CalculoValorLocacaoTest" time="0.22"/>
</testsuite>